[debug] [2024-10-08T02:17:01.780Z] ----------------------------------------------------------------------
[debug] [2024-10-08T02:17:01.783Z] Command:       C:\Program Files\nodejs\node.exe C:\Users\Unicomfacauca\AppData\Roaming\npm\node_modules\firebase-tools\lib\bin\firebase.js init
[debug] [2024-10-08T02:17:01.784Z] CLI Version:   13.21.0
[debug] [2024-10-08T02:17:01.784Z] Platform:      win32
[debug] [2024-10-08T02:17:01.784Z] Node Version:  v20.18.0
[debug] [2024-10-08T02:17:01.784Z] Time:          Mon Oct 07 2024 21:17:01 GMT-0500 (hora estándar de Colombia)
[debug] [2024-10-08T02:17:01.784Z] ----------------------------------------------------------------------
[debug] 
[debug] [2024-10-08T02:17:01.791Z] > command requires scopes: ["email","openid","https://www.googleapis.com/auth/cloudplatformprojects.readonly","https://www.googleapis.com/auth/firebase","https://www.googleapis.com/auth/cloud-platform"]
[debug] [2024-10-08T02:17:01.791Z] > authorizing via signed-in user (jhoncabezas@unicomfacauca.edu.co)
[info] 
     ######## #### ########  ######## ########     ###     ######  ########
     ##        ##  ##     ## ##       ##     ##  ##   ##  ##       ##
     ######    ##  ########  ######   ########  #########  ######  ######
     ##        ##  ##    ##  ##       ##     ## ##     ##       ## ##
     ##       #### ##     ## ######## ########  ##     ##  ######  ########

You're about to initialize a Firebase project in this directory:

  C:\Users\Unicomfacauca\Desktop\Proyecto Soft2

[info] 
=== Project Setup
[info] 
[info] First, let's associate this project directory with a Firebase project.
[info] You can create multiple project aliases by running firebase use --add, 
[info] but for now we'll just set up a default project.
[info] 
[debug] [2024-10-08T02:19:46.850Z] Checked if tokens are valid: true, expires at: 1728357401082
[debug] [2024-10-08T02:19:46.851Z] Checked if tokens are valid: true, expires at: 1728357401082
[debug] [2024-10-08T02:19:46.854Z] >>> [apiv2][query] GET https://firebase.googleapis.com/v1beta1/projects pageSize=100
[debug] [2024-10-08T02:19:47.394Z] <<< [apiv2][status] GET https://firebase.googleapis.com/v1beta1/projects 200
[debug] [2024-10-08T02:19:47.394Z] <<< [apiv2][body] GET https://firebase.googleapis.com/v1beta1/projects [omitted]
[info] i  Using project arqeventos-42937 (ArqEventos) 
[info] 
=== Dataconnect Setup
[debug] [2024-10-08T02:19:49.083Z] Checked if tokens are valid: true, expires at: 1728357401082
[debug] [2024-10-08T02:19:49.083Z] Checked if tokens are valid: true, expires at: 1728357401082
[debug] [2024-10-08T02:19:49.083Z] >>> [apiv2][query] GET https://cloudbilling.googleapis.com/v1/projects/arqeventos-42937/billingInfo [none]
[debug] [2024-10-08T02:19:49.526Z] <<< [apiv2][status] GET https://cloudbilling.googleapis.com/v1/projects/arqeventos-42937/billingInfo 200
[debug] [2024-10-08T02:19:49.526Z] <<< [apiv2][body] GET https://cloudbilling.googleapis.com/v1/projects/arqeventos-42937/billingInfo {"name":"projects/arqeventos-42937/billingInfo","projectId":"arqeventos-42937","billingAccountName":"","billingEnabled":false}
[info] i  dataconnect: ensuring required API sqladmin.googleapis.com is enabled... 
[debug] [2024-10-08T02:19:49.528Z] Checked if tokens are valid: true, expires at: 1728357401082
[debug] [2024-10-08T02:19:49.528Z] Checked if tokens are valid: true, expires at: 1728357401082
[debug] [2024-10-08T02:19:49.528Z] >>> [apiv2][query] GET https://serviceusage.googleapis.com/v1/projects/arqeventos-42937/services/sqladmin.googleapis.com [none]
[debug] [2024-10-08T02:19:49.528Z] >>> [apiv2][(partial)header] GET https://serviceusage.googleapis.com/v1/projects/arqeventos-42937/services/sqladmin.googleapis.com x-goog-quota-user=projects/arqeventos-42937
[debug] [2024-10-08T02:19:50.209Z] <<< [apiv2][status] GET https://serviceusage.googleapis.com/v1/projects/arqeventos-42937/services/sqladmin.googleapis.com 200
[debug] [2024-10-08T02:19:50.209Z] <<< [apiv2][body] GET https://serviceusage.googleapis.com/v1/projects/arqeventos-42937/services/sqladmin.googleapis.com [omitted]
[warn] !  dataconnect: missing required API sqladmin.googleapis.com. Enabling now... 
[debug] [2024-10-08T02:19:50.209Z] Checked if tokens are valid: true, expires at: 1728357401082
[debug] [2024-10-08T02:19:50.209Z] Checked if tokens are valid: true, expires at: 1728357401082
[debug] [2024-10-08T02:19:50.209Z] >>> [apiv2][query] POST https://serviceusage.googleapis.com/v1/projects/arqeventos-42937/services/sqladmin.googleapis.com:enable [none]
[debug] [2024-10-08T02:19:50.209Z] >>> [apiv2][(partial)header] POST https://serviceusage.googleapis.com/v1/projects/arqeventos-42937/services/sqladmin.googleapis.com:enable x-goog-quota-user=projects/arqeventos-42937
[debug] [2024-10-08T02:19:51.054Z] <<< [apiv2][status] POST https://serviceusage.googleapis.com/v1/projects/arqeventos-42937/services/sqladmin.googleapis.com:enable 200
[debug] [2024-10-08T02:19:51.055Z] <<< [apiv2][body] POST https://serviceusage.googleapis.com/v1/projects/arqeventos-42937/services/sqladmin.googleapis.com:enable [omitted]
[debug] [2024-10-08T02:20:01.059Z] Checked if tokens are valid: true, expires at: 1728357401082
[debug] [2024-10-08T02:20:01.059Z] Checked if tokens are valid: true, expires at: 1728357401082
[debug] [2024-10-08T02:20:01.060Z] >>> [apiv2][query] GET https://serviceusage.googleapis.com/v1/projects/arqeventos-42937/services/sqladmin.googleapis.com [none]
[debug] [2024-10-08T02:20:01.060Z] >>> [apiv2][(partial)header] GET https://serviceusage.googleapis.com/v1/projects/arqeventos-42937/services/sqladmin.googleapis.com x-goog-quota-user=projects/arqeventos-42937
[debug] [2024-10-08T02:20:01.721Z] <<< [apiv2][status] GET https://serviceusage.googleapis.com/v1/projects/arqeventos-42937/services/sqladmin.googleapis.com 200
[debug] [2024-10-08T02:20:01.722Z] <<< [apiv2][body] GET https://serviceusage.googleapis.com/v1/projects/arqeventos-42937/services/sqladmin.googleapis.com [omitted]
[info] +  dataconnect: required API sqladmin.googleapis.com is enabled 
[info] +  Wrote dataconnect\dataconnect.yaml 
[info] +  Wrote dataconnect\schema\schema.gql 
[info] +  Wrote dataconnect\connector\connector.yaml 
[info] +  Wrote dataconnect\connector\queries.gql 
[info] +  Wrote dataconnect\connector\mutations.gql 
[info] +  Detected WEB app in directory C:\Users\Unicomfacauca\Desktop\Proyecto Soft2 
